<?xml version="1.0" encoding="UTF-8"?>
<!-- Generated by org.testng.reporters.JUnitReportReporter -->
<testsuite hostname="hp" failures="0" tests="6" name="practiceTestNG.TestNG3" time="0.006" errors="0" timestamp="2022-04-06T16:19:06 IST" skipped="0">
  <testcase classname="practiceTestNG.TestNG3" name="sony2" time="0.000"/>
  <system-out>
    <![CDATA[Sony Testing]]>
  </system-out>
  <testcase classname="practiceTestNG.TestNG3" name="bpl2" time="0.000"/>
  <system-out>
    <![CDATA[BPL Testing]]>
  </system-out>
  <testcase classname="practiceTestNG.TestNG3" name="samsung1" time="0.000"/>
  <system-out>
    <![CDATA[sansung Testing]]>
  </system-out>
  <testcase classname="practiceTestNG.TestNG3" name="sumsung2" time="0.001"/>
  <system-out>
    <![CDATA[samsung Testing]]>
  </system-out>
  <testcase classname="practiceTestNG.TestNG3" name="sony1" time="0.000"/>
  <system-out>
    <![CDATA[Sony Testing]]>
  </system-out>
  <testcase classname="practiceTestNG.TestNG3" name="bpl1" time="0.005"/>
  <system-out>
    <![CDATA[BPL Testing]]>
  </system-out>
</testsuite> <!-- practiceTestNG.TestNG3 -->
