<?xml version="1.0" encoding="UTF-8"?>
<!-- Generated by org.testng.reporters.JUnitReportReporter -->
<testsuite hostname="hp" failures="0" tests="6" name="practiceTestNG.TestNG1" time="0.007" errors="0" timestamp="2022-04-06T16:28:06 IST" skipped="0">
  <testcase classname="practiceTestNG.TestNG1" name="redmi1" time="0.000"/>
  <system-out>
    <![CDATA[Redmi Testing]]>
  </system-out>
  <testcase classname="practiceTestNG.TestNG1" name="apple1" time="0.005"/>
  <system-out>
    <![CDATA[AppleTesting]]>
  </system-out>
  <testcase classname="practiceTestNG.TestNG1" name="apple2" time="0.001"/>
  <system-out>
    <![CDATA[AppleTesting]]>
  </system-out>
  <testcase classname="practiceTestNG.TestNG1" name="redmi2" time="0.000"/>
  <system-out>
    <![CDATA[Redmi Testing]]>
  </system-out>
  <testcase classname="practiceTestNG.TestNG1" name="onePuls1" time="0.001"/>
  <system-out>
    <![CDATA[onePuls Testing]]>
  </system-out>
  <testcase classname="practiceTestNG.TestNG1" name="onePuls2" time="0.000"/>
  <system-out>
    <![CDATA[onePuls Testing]]>
  </system-out>
</testsuite> <!-- practiceTestNG.TestNG1 -->
