<?xml version="1.0" encoding="UTF-8"?>
<!-- Generated by org.testng.reporters.JUnitReportReporter -->
<testsuite hostname="hp" failures="0" tests="6" name="practiceTestNG.TestNG2" time="0.003" errors="0" timestamp="2022-04-06T16:19:06 IST" skipped="0">
  <testcase classname="practiceTestNG.TestNG2" name="lion1" time="0.001"/>
  <system-out>
    <![CDATA[lionSound]]>
  </system-out>
  <testcase classname="practiceTestNG.TestNG2" name="tiger2" time="0.001"/>
  <system-out>
    <![CDATA[ tigerSound]]>
  </system-out>
  <testcase classname="practiceTestNG.TestNG2" name="gorilla1" time="0.001"/>
  <system-out>
    <![CDATA[Gorilla Sound]]>
  </system-out>
  <testcase classname="practiceTestNG.TestNG2" name="gorilla2" time="0.000"/>
  <system-out>
    <![CDATA[Gorilla Sound ]]>
  </system-out>
  <testcase classname="practiceTestNG.TestNG2" name="lion2" time="0.000"/>
  <system-out>
    <![CDATA[lionSound]]>
  </system-out>
  <testcase classname="practiceTestNG.TestNG2" name="tiger1" time="0.000"/>
  <system-out>
    <![CDATA[ tigerSound]]>
  </system-out>
</testsuite> <!-- practiceTestNG.TestNG2 -->
