<?xml version="1.0" encoding="UTF-8"?>
<!-- Generated by org.testng.reporters.JUnitReportReporter -->
<testsuite hostname="hp" failures="0" tests="1" name="com.formy.FormyScript" time="4.532" errors="0" timestamp="2022-07-08T14:56:30 IST" skipped="0">
  <testcase classname="com.formy.FormyScript" name="formyApplication" time="4.532"/>
  <system-out>
    <![CDATA[Title is Verified
Form is Successfully Submited]]>
  </system-out>
</testsuite> <!-- com.formy.FormyScript -->
