<?xml version="1.0" encoding="UTF-8"?>
<!-- Generated by org.testng.reporters.JUnitReportReporter -->
<testsuite hostname="hp" failures="0" tests="1" name="com.formy.genericutility.FileUtility" time="0.015" errors="0" timestamp="2022-07-08T14:17:58 IST" skipped="0">
  <testcase classname="com.formy.genericutility.FileUtility" name="selectDate" time="0.015"/>
  <system-out/>
</testsuite> <!-- com.formy.genericutility.FileUtility -->
