<?xml version="1.0" encoding="UTF-8"?>
<!-- Generated by org.testng.reporters.JUnitReportReporter -->
<testsuite hostname="hp" failures="0" tests="2" name="shadowdom.Data" time="0.006" errors="0" timestamp="2022-06-27T09:44:22 IST" skipped="0">
  <testcase classname="shadowdom.Data" name="name" time="0.000"/>
  <system-out/>
  <testcase classname="shadowdom.Data" name="name" time="0.006"/>
  <system-out/>
</testsuite> <!-- shadowdom.Data -->
