<?xml version="1.0" encoding="UTF-8"?>
<!-- Generated by org.testng.reporters.JUnitReportReporter -->
<testsuite hostname="hp" failures="0" tests="10" name="excelPractice.ReadMultipleData" time="0.026" errors="0" timestamp="2022-04-22T14:53:37 IST" skipped="0">
  <testcase classname="excelPractice.ReadMultipleData" name="readData" time="0.001"/>
  <system-out>
    <![CDATA[Admin2==Root2]]>
  </system-out>
  <testcase classname="excelPractice.ReadMultipleData" name="readData" time="0.002"/>
  <system-out>
    <![CDATA[Admin9==Root9]]>
  </system-out>
  <testcase classname="excelPractice.ReadMultipleData" name="readData" time="0.001"/>
  <system-out>
    <![CDATA[Admin6==Root6]]>
  </system-out>
  <testcase classname="excelPractice.ReadMultipleData" name="readData" time="0.004"/>
  <system-out>
    <![CDATA[Admin8==Root8]]>
  </system-out>
  <testcase classname="excelPractice.ReadMultipleData" name="readData" time="0.003"/>
  <system-out>
    <![CDATA[Admin10==Root10]]>
  </system-out>
  <testcase classname="excelPractice.ReadMultipleData" name="readData" time="0.002"/>
  <system-out>
    <![CDATA[Admin3==Root3]]>
  </system-out>
  <testcase classname="excelPractice.ReadMultipleData" name="readData" time="0.007"/>
  <system-out>
    <![CDATA[Admin1==Root1]]>
  </system-out>
  <testcase classname="excelPractice.ReadMultipleData" name="readData" time="0.002"/>
  <system-out>
    <![CDATA[Admin7==Root7]]>
  </system-out>
  <testcase classname="excelPractice.ReadMultipleData" name="readData" time="0.003"/>
  <system-out>
    <![CDATA[Admin5==Root5]]>
  </system-out>
  <testcase classname="excelPractice.ReadMultipleData" name="readData" time="0.001"/>
  <system-out>
    <![CDATA[Admin4==Root4]]>
  </system-out>
</testsuite> <!-- excelPractice.ReadMultipleData -->
