<?xml version="1.0" encoding="UTF-8"?>
<!-- Generated by org.testng.reporters.JUnitReportReporter -->
<testsuite hostname="hp" failures="0" tests="1" name="LandMark.Script2" time="117.857" errors="0" timestamp="2022-07-05T14:35:18 IST" skipped="0">
  <testcase classname="LandMark.Script2" name="loginpageVerify" time="117.857"/>
  <system-out/>
</testsuite> <!-- LandMark.Script2 -->
