<?xml version="1.0" encoding="UTF-8"?>
<!-- Generated by org.testng.reporters.JUnitReportReporter -->
<testsuite hostname="hp" failures="0" tests="2" name="com.vtiger.createContact.TC_01_CreateContact_Test2" time="24.074" errors="0" timestamp="2022-04-07T18:17:17 IST" skipped="0">
  <testcase classname="com.vtiger.createContact.TC_01_CreateContact_Test2" name="CreateContact" time="12.492"/>
  <system-out>
    <![CDATA[expectedHomepageText=Home
actualHomePageText=Home
PASS :: Home Page Displayed
expectedContactPageText=Contact
actualContactPage=Contacts
FAIL :: Contacts Page is Not Displayed
expectedAlertPopUpText=Last Name cannot be empty
actualAlertPopUpText=Last Name cannot be empty
PASS :: The Alert Pop Up with Error Message Displayed]]>
  </system-out>
  <testcase classname="com.vtiger.createContact.TC_01_CreateContact_Test2" name="CreateContact" time="11.582"/>
  <system-out>
    <![CDATA[expectedHomepageText=Home
actualHomePageText=Home
PASS :: Home Page Displayed
expectedContactPageText=Contact
actualContactPage=Contacts
FAIL :: Contacts Page is Not Displayed
expectedAlertPopUpText=Last Name cannot be empty
actualAlertPopUpText=Last Name cannot be empty
PASS :: The Alert Pop Up with Error Message Displayed]]>
  </system-out>
</testsuite> <!-- com.vtiger.createContact.TC_01_CreateContact_Test2 -->
